This is Ipopt version 3.9stable, running with linear solver ma27.

Number of nonzeros in equality constraint Jacobian...:    45753
Number of nonzeros in inequality constraint Jacobian.:        0
Number of nonzeros in Lagrangian Hessian.............:     8344

Total number of variables............................:     2086
                     variables with only lower bounds:     2086
                variables with lower and upper bounds:        0
                     variables with only upper bounds:        0
Total number of equality constraints.................:     2084
Total number of inequality constraints...............:        0
        inequality constraints with only lower bounds:        0
   inequality constraints with lower and upper bounds:        0
        inequality constraints with only upper bounds:        0

iter    objective    inf_pr   inf_du lg(mu)  ||d||  lg(rg) alpha_du alpha_pr  ls
   0  2.2770931e-06 3.27e-08 4.54e-01  -1.0 0.00e+00    -  0.00e+00 0.00e+00   0
   1  6.0750218e-02 4.17e-05 4.72e-02  -1.0 8.58e-02    -  9.90e-01 1.00e+00f  1
   2  4.8492290e-02 3.80e-06 3.20e-03  -1.0 2.00e-02    -  1.00e+00 1.00e+00f  1
   3  4.7985709e-02 1.85e-10 4.02e-05  -2.5 2.77e-04    -  1.00e+00 1.00e+00h  1
   4  3.6456589e-02 1.89e-07 3.63e-04  -3.8 7.99e-03    -  9.90e-01 1.00e+00f  1
   5  1.1637846e-02 9.41e-07 4.12e-03  -5.7 4.10e-02    -  9.35e-01 1.00e+00f  1
   6  4.8612807e-03 1.30e-06 9.19e-04  -5.7 1.28e-02  -2.0 1.00e+00 1.00e+00h  1
   7  3.1076153e-03 2.70e-07 2.58e-04  -5.7 6.22e-03  -1.6 1.00e+00 1.00e+00h  1
   8  1.5627793e-03 5.35e-07 2.34e-04  -5.7 7.79e-03  -2.1 1.00e+00 1.00e+00h  1
   9  6.0865694e-04 5.20e-07 1.31e-04  -5.7 1.23e-02  -2.5 1.00e+00 1.00e+00h  1
iter    objective    inf_pr   inf_du lg(mu)  ||d||  lg(rg) alpha_du alpha_pr  ls
  10  3.0423082e-06 5.27e-06 4.89e-04  -5.7 2.34e-02  -3.0 1.00e+00 1.00e+00h  1
  11  3.0672875e-04 1.39e-06 4.05e-04  -5.7 2.58e-02    -  1.00e+00 1.00e+00h  1
  12  1.3921155e-04 8.59e-08 3.52e-05  -5.7 4.63e-03  -3.5 1.00e+00 1.00e+00h  1
  13  6.6006583e-05 3.59e-06 6.32e-05  -5.7 3.24e-01    -  3.96e-01 2.01e-01h  2
  14  1.9194701e-04 2.87e-06 9.92e-05  -5.7 2.35e-02    -  1.00e+00 5.00e-01h  2
  15  1.9650474e-04 2.25e-07 5.37e-06  -5.7 7.85e-03    -  1.00e+00 1.00e+00h  1
  16  1.2640928e-05 1.75e-06 9.03e-05  -7.0 1.54e-02    -  9.09e-01 1.00e+00h  1
  17  2.2201700e-06 4.04e-07 2.58e-05  -7.0 1.56e-02    -  1.00e+00 1.00e+00h  1
  18  1.9945331e-06 4.22e-08 2.74e-06  -7.0 8.35e-03    -  1.00e+00 1.00e+00h  1
  19  2.2554375e-06 4.57e-09 1.82e-07  -7.0 3.49e-03    -  1.00e+00 1.00e+00h  1

Number of Iterations....: 19

                                   (scaled)                 (unscaled)
Objective...............:   2.2554375070993890e-06    2.2554375070993890e-06
Dual infeasibility......:   1.8181846086455482e-07    1.8181846086455482e-07
Constraint violation....:   4.5739845175824404e-09    4.5739845175824404e-09
Complementarity.........:   9.0950630564194286e-08    9.0950630564194286e-08
Overall NLP error.......:   1.8181846086455482e-07    1.8181846086455482e-07


Number of objective function evaluations             = 24
Number of objective gradient evaluations             = 20
Number of equality constraint evaluations            = 24
Number of inequality constraint evaluations          = 0
Number of equality constraint Jacobian evaluations   = 20
Number of inequality constraint Jacobian evaluations = 0
Number of Lagrangian Hessian evaluations             = 19
Total CPU secs in IPOPT (w/o function evaluations)   =      0.732
Total CPU secs in NLP function evaluations           =      2.720

EXIT: Optimal Solution Found.
This is Ipopt version 3.9stable, running with linear solver ma27.

Number of nonzeros in equality constraint Jacobian...:    45753
Number of nonzeros in inequality constraint Jacobian.:        0
Number of nonzeros in Lagrangian Hessian.............:     8344

Total number of variables............................:     2086
                     variables with only lower bounds:     2086
                variables with lower and upper bounds:        0
                     variables with only upper bounds:        0
Total number of equality constraints.................:     2084
Total number of inequality constraints...............:        0
        inequality constraints with only lower bounds:        0
   inequality constraints with lower and upper bounds:        0
        inequality constraints with only upper bounds:        0

iter    objective    inf_pr   inf_du lg(mu)  ||d||  lg(rg) alpha_du alpha_pr  ls
   0  9.7006981e-06 7.05e-06 1.97e-04  -7.0 0.00e+00    -  0.00e+00 0.00e+00   0
   1  2.8764590e-06 9.28e-08 7.75e-05  -7.0 3.07e-02    -  1.00e+00 1.00e+00h  1
   2  2.2580333e-06 2.03e-11 8.16e-07  -7.0 8.16e-05  -2.0 1.00e+00 1.00e+00h  1

Number of Iterations....: 2

                                   (scaled)                 (unscaled)
Objective...............:   2.2580332643805471e-06    2.2580332643805471e-06
Dual infeasibility......:   8.1577494893670161e-07    8.1577494893670161e-07
Constraint violation....:   2.0304564768919227e-11    2.0304564768919227e-11
Complementarity.........:   9.0909475359996520e-08    9.0909475359996520e-08
Overall NLP error.......:   8.1577494893670161e-07    8.1577494893670161e-07


Number of objective function evaluations             = 3
Number of objective gradient evaluations             = 3
Number of equality constraint evaluations            = 3
Number of inequality constraint evaluations          = 0
Number of equality constraint Jacobian evaluations   = 3
Number of inequality constraint Jacobian evaluations = 0
Number of Lagrangian Hessian evaluations             = 2
Total CPU secs in IPOPT (w/o function evaluations)   =      0.128
Total CPU secs in NLP function evaluations           =      0.292

EXIT: Optimal Solution Found.
This is Ipopt version 3.9stable, running with linear solver ma27.

Number of nonzeros in equality constraint Jacobian...:    45753
Number of nonzeros in inequality constraint Jacobian.:        0
Number of nonzeros in Lagrangian Hessian.............:     8344

Total number of variables............................:     2086
                     variables with only lower bounds:     2086
                variables with lower and upper bounds:        0
                     variables with only upper bounds:        0
Total number of equality constraints.................:     2084
Total number of inequality constraints...............:        0
        inequality constraints with only lower bounds:        0
   inequality constraints with lower and upper bounds:        0
        inequality constraints with only upper bounds:        0

iter    objective    inf_pr   inf_du lg(mu)  ||d||  lg(rg) alpha_du alpha_pr  ls
   0  3.3298180e-04 3.14e-05 6.30e-03  -7.0 0.00e+00    -  0.00e+00 0.00e+00   0
   1  2.4628218e-04 2.43e-08 3.48e-04  -7.0 1.02e-02    -  1.00e+00 1.00e+00h  1
   2  2.4556231e-04 6.30e-12 5.74e-07  -7.0 5.60e-05  -2.0 1.00e+00 1.00e+00h  1

Number of Iterations....: 2

                                   (scaled)                 (unscaled)
Objective...............:   2.4556231062241034e-04    2.4556231062241034e-04
Dual infeasibility......:   5.7412142725526211e-07    5.7412142725526211e-07
Constraint violation....:   6.3004646801406022e-12    6.3004646801406022e-12
Complementarity.........:   9.1006535808223601e-08    9.1006535808223601e-08
Overall NLP error.......:   5.7412142725526211e-07    5.7412142725526211e-07


Number of objective function evaluations             = 3
Number of objective gradient evaluations             = 3
Number of equality constraint evaluations            = 3
Number of inequality constraint evaluations          = 0
Number of equality constraint Jacobian evaluations   = 3
Number of inequality constraint Jacobian evaluations = 0
Number of Lagrangian Hessian evaluations             = 2
Total CPU secs in IPOPT (w/o function evaluations)   =      0.192
Total CPU secs in NLP function evaluations           =      0.296

EXIT: Optimal Solution Found.
This is Ipopt version 3.9stable, running with linear solver ma27.

Number of nonzeros in equality constraint Jacobian...:    45753
Number of nonzeros in inequality constraint Jacobian.:        0
Number of nonzeros in Lagrangian Hessian.............:     8344

Total number of variables............................:     2086
                     variables with only lower bounds:     2086
                variables with lower and upper bounds:        0
                     variables with only upper bounds:        0
Total number of equality constraints.................:     2084
Total number of inequality constraints...............:        0
        inequality constraints with only lower bounds:        0
   inequality constraints with lower and upper bounds:        0
        inequality constraints with only upper bounds:        0

iter    objective    inf_pr   inf_du lg(mu)  ||d||  lg(rg) alpha_du alpha_pr  ls
   0  1.1361295e-03 8.68e-02 1.94e-02  -7.0 0.00e+00    -  0.00e+00 0.00e+00   0
   1r 1.1361295e-03 8.68e-02 7.98e+02  -1.1 0.00e+00    -  0.00e+00 1.95e-11R  2
   2r 7.3376943e-04 1.02e-01 8.50e+02  -1.1 1.50e+04    -  5.09e-13 9.95e-07f  4
   3r 3.5572008e+00 1.29e-01 8.50e+02  -1.1 2.72e+02    -  7.92e-04 2.09e-04f  1
   4r 9.4446848e-03 8.67e-02 8.43e+02  -1.1 3.03e+01    -  6.22e-07 7.76e-03f  1
   5r 2.9516733e-03 6.34e-02 8.42e+02  -1.1 3.67e+01    -  3.07e-04 1.90e-03f  1
   6  1.3331973e-03 4.42e-02 2.68e-03  -7.0 4.41e-01    -  1.00e+00 3.03e-01h  1
   7r 1.3331973e-03 4.42e-02 5.90e+02  -1.4 0.00e+00    -  0.00e+00 3.82e-08R  2
   8r 2.9343326e-03 4.63e-02 7.21e+02  -1.4 4.41e+02   2.0 3.98e-05 9.19e-06f  1
   9r 2.7341729e-03 4.63e-02 7.21e+02  -1.4 1.15e+01    -  3.67e-07 5.66e-05f  1
iter    objective    inf_pr   inf_du lg(mu)  ||d||  lg(rg) alpha_du alpha_pr  ls
  10r 5.5035598e-02 4.33e-02 7.14e+02  -1.4 1.74e+00   1.5 1.03e-03 6.57e-03f  1
  11r 4.6882768e-02 4.44e-02 7.08e+02  -1.4 3.72e+00   1.0 6.72e-03 4.18e-04f  1
  12r 6.6153437e-02 4.44e-02 7.13e+02  -1.4 4.01e+00    -  3.34e-04 3.87e-03f  1
  13r 1.2367840e-01 4.44e-02 6.89e+02  -1.4 5.71e+00    -  1.43e-02 6.82e-03f  1
  14r 2.5190091e-01 4.43e-02 6.44e+02  -1.4 2.62e-01   0.6 3.97e-02 2.90e-02f  1
  15r 3.1298962e+00 4.40e-02 3.61e+02  -1.4 3.31e-01   0.1 4.47e-01 3.59e-01f  1
  16r 1.6040986e+00 4.40e-02 2.54e+02  -1.4 3.38e-01    -  1.00e+00 2.96e-01f  2
  17r 1.8508926e+00 4.64e-02 1.90e-01  -1.4 6.53e-02    -  1.00e+00 1.00e+00f  1
  18r 5.4216897e-01 4.65e-02 2.96e+00  -3.1 5.23e-02    -  8.63e-01 8.90e-01f  1
  19r 7.8099214e-03 4.48e-02 2.20e-03  -3.1 5.50e-02    -  1.00e+00 1.00e+00f  1
iter    objective    inf_pr   inf_du lg(mu)  ||d||  lg(rg) alpha_du alpha_pr  ls
  20r 8.2117233e-03 4.48e-02 1.84e+02  -4.6 3.42e-02    -  9.29e-01 3.94e-01f  1
  21r 5.9049248e-03 4.51e-02 9.12e+01  -4.6 6.30e-02    -  8.29e-01 7.25e-01f  1
  22r 2.5565242e-03 4.56e-02 5.84e+00  -4.6 5.66e-02    -  1.00e+00 9.79e-01f  1
  23r 1.8521097e-03 4.58e-02 3.44e-05  -4.6 1.60e-02    -  1.00e+00 1.00e+00f  1
  24r 1.1980171e-03 4.58e-02 2.27e+01  -6.9 3.50e-02    -  9.35e-01 5.47e-01f  1
  25r 4.9375191e-04 4.58e-02 5.64e+01  -6.9 1.66e-01    -  1.92e-02 3.62e-01f  1
  26r 4.9207795e-04 4.59e-02 6.93e+01  -6.9 7.45e-04    -  8.12e-01 2.13e-01f  1
  27r 4.9342915e-04 4.59e-02 5.93e+01  -6.9 1.24e-04    -  2.50e-01 9.56e-01f  1

Number of Iterations....: 27

                                   (scaled)                 (unscaled)
Objective...............:   4.9365403103023041e-04    4.9365403103023041e-04
Dual infeasibility......:   8.8072533873866134e-03    8.8072533873866134e-03
Constraint violation....:   4.5893281035344936e-02    4.5893281035344936e-02
Complementarity.........:   1.9300626527593434e-06    1.9300626527593434e-06
Overall NLP error.......:   4.5893281035344936e-02    4.5893281035344936e-02


Number of objective function evaluations             = 41
Number of objective gradient evaluations             = 6
Number of equality constraint evaluations            = 41
Number of inequality constraint evaluations          = 0
Number of equality constraint Jacobian evaluations   = 31
Number of inequality constraint Jacobian evaluations = 0
Number of Lagrangian Hessian evaluations             = 28
Total CPU secs in IPOPT (w/o function evaluations)   =      0.772
Total CPU secs in NLP function evaluations           =      3.980

EXIT: Converged to a point of local infeasibility. Problem may be infeasible.
